Build started 5/31/2016 4:23:10 PM.
     1>Project "C:\Users\tfx\project\RODL\RODL\RODL.vcxproj" on node 2 (Build target(s)).
     1>ClCompile:
         C:\Program Files (x86)\Microsoft Visual Studio 14.0\VC\bin\CL.exe /c /IC:\Users\tfx\project\RODL\RODL\neural\lib /Zi /nologo /W3 /WX- /sdl /O2 /Oi /Oy- /GL /D WIN32 /D NDEBUG /D _CONSOLE /D _UNICODE /D UNICODE /Gm- /EHsc /MD /GS /Gy /fp:precise /Zc:wchar_t /Zc:forScope /Zc:inline /Yc"stdafx.h" /Fp"Release\RODL.pch" /Fo"Release\\" /Fd"Release\vc140.pdb" /Gd /TP /analyze- /errorReport:prompt stdafx.cpp
         stdafx.cpp
         C:\Program Files (x86)\Microsoft Visual Studio 14.0\VC\bin\CL.exe /c /IC:\Users\tfx\project\RODL\RODL\neural\lib /Zi /nologo /W3 /WX- /sdl /O2 /Oi /Oy- /GL /D WIN32 /D NDEBUG /D _CONSOLE /D _UNICODE /D UNICODE /Gm- /EHsc /MD /GS /Gy /fp:precise /Zc:wchar_t /Zc:forScope /Zc:inline /Yu"stdafx.h" /Fp"Release\RODL.pch" /Fo"Release\\" /Fd"Release\vc140.pdb" /Gd /TP /analyze- /errorReport:prompt Config.cpp neural\ActiveFunctions.cpp neural\lib\libconvert.cpp neural\MatrixFunctions.cpp neural\MNISTFunctions.cpp neural\NeuralLayer.cpp neural\NeuralNet.cpp Node.cpp Package.cpp RODL.cpp Topology.cpp
         Config.cpp
         ActiveFunctions.cpp
     1>neural\ActiveFunctions.cpp(1): warning C4627: '#include "ActiveFunctions.h"': skipped when looking for precompiled header use
         neural\ActiveFunctions.cpp(1): note: Add directive to 'stdafx.h' or rebuild precompiled header
     1>neural\ActiveFunctions.cpp(16): fatal error C1010: unexpected end of file while looking for precompiled header. Did you forget to add '#include "stdafx.h"' to your source?
         libconvert.cpp
     1>neural\lib\libconvert.cpp(1): warning C4627: '#include "libconvert.h"': skipped when looking for precompiled header use
         neural\lib\libconvert.cpp(1): note: Add directive to 'stdafx.h' or rebuild precompiled header
     1>neural\lib\libconvert.cpp(209): fatal error C1010: unexpected end of file while looking for precompiled header. Did you forget to add '#include "stdafx.h"' to your source?
         MatrixFunctions.cpp
     1>neural\MatrixFunctions.cpp(1): warning C4627: '#include "MatrixFunctions.h"': skipped when looking for precompiled header use
         neural\MatrixFunctions.cpp(1): note: Add directive to 'stdafx.h' or rebuild precompiled header
     1>neural\MatrixFunctions.cpp(112): fatal error C1010: unexpected end of file while looking for precompiled header. Did you forget to add '#include "stdafx.h"' to your source?
         MNISTFunctions.cpp
     1>neural\MNISTFunctions.cpp(1): warning C4627: '#include "MNISTFunctions.h"': skipped when looking for precompiled header use
         neural\MNISTFunctions.cpp(1): note: Add directive to 'stdafx.h' or rebuild precompiled header
     1>neural\MNISTFunctions.cpp(90): fatal error C1010: unexpected end of file while looking for precompiled header. Did you forget to add '#include "stdafx.h"' to your source?
         NeuralLayer.cpp
     1>neural\NeuralLayer.cpp(1): warning C4627: '#include "NeuralLayer.h"': skipped when looking for precompiled header use
         neural\NeuralLayer.cpp(1): note: Add directive to 'stdafx.h' or rebuild precompiled header
     1>neural\NeuralLayer.cpp(181): fatal error C1010: unexpected end of file while looking for precompiled header. Did you forget to add '#include "stdafx.h"' to your source?
         NeuralNet.cpp
     1>neural\NeuralNet.cpp(1): warning C4627: '#include "NeuralNet.h"': skipped when looking for precompiled header use
         neural\NeuralNet.cpp(1): note: Add directive to 'stdafx.h' or rebuild precompiled header
     1>neural\NeuralNet.cpp(438): fatal error C1010: unexpected end of file while looking for precompiled header. Did you forget to add '#include "stdafx.h"' to your source?
         Node.cpp
         Package.cpp
         RODL.cpp
         Topology.cpp
     1>c:\users\tfx\project\rodl\rodl\Topology.h(2): fatal error C1083: Cannot open include file: 'boost/graph/adjacency_list.hpp': No such file or directory
     1>Done Building Project "C:\Users\tfx\project\RODL\RODL\RODL.vcxproj" (Build target(s)) -- FAILED.

Build FAILED.

Time Elapsed 00:00:00.92
